waiting 60s after boot
timestamp_utc=2026-07-22T18:52:47Z
expected_release=6.16.0-rc5-mprotect-cac-v-ptefastpath0
running_release=6.16.0-rc5-mprotect-cac-v-ptefastpath0
manifest_id_key=role
manifest_id_value=fastpath
manifest_commit=cac1db8c3aad97d6ffb56ced8868d6cbbbd2bfbe
preemption_contract=dynamic-preempt-boot-none
required_kernel_cmdline=preempt=none
kernel_cmdline=root=UUID=52424323-db73-425d-92e4-6c7426f3026d ro rootfstype=ext4 preempt=none crashkernel=2G-4G:320M,4G-32G:512M,32G-64G:1024M,64G-128G:2048M,128G-:4096M initrd=\EFI\kernel-study\initrd.img
boot_id=864ce613-f37b-4d6e-abba-5db7c2ca131c
uptime_seconds=71.91
root_source=/dev/nvme1n1p2
root_fstype=ext4
root_options=rw,relatime
network_interface=enp5s0
network_ipv4=192.168.3.10/24
failed_units=0
efi_boot_current=0000
efi_boot_next=none
config_sha256=a415f233c108ae8300396a4143d66034613c6ddf42c151b4309be8fb42ab00ff
vmlinuz_sha256=da57f9a1ebac46ae33a534a32459f86b1274997400841d4a177dac5d8a7127a1
initrd_sha256=6f61c8b6ff54cab52069303d9836062cb1267330e0606e2a9f85d633a0824848
boot_smoke=pass
run_dir=/home/lcf/kernel-study/linux-baremetal/mprotect-cac1-folio-decomp-20260722/boot-smoke/20260722T185247Z_6.16.0-rc5-mprotect-cac-v-ptefastpath0
efi_bootnext_pending=no
temporary_entries=0
staged_files=0
warmup=1/3
warmup=2/3
warmup=3/3
measured_round=1/15
measured_round=2/15
measured_round=3/15
measured_round=4/15
measured_round=5/15
measured_round=6/15
measured_round=7/15
measured_round=8/15
measured_round=9/15
measured_round=10/15
measured_round=11/15
measured_round=12/15
measured_round=13/15
measured_round=14/15
measured_round=15/15
role	point_label	kernel	n	mean_iteration_ns_per_page	sd	cv_pct	values	semantic_failures
fastpath	fastpath-b	6.16.0-rc5-mprotect-cac-v-ptefastpath0	15	46.933333	0.258199	0.550140	46 47 47 47 47 47 47 47 47 47 47 47 47 47 47	0
run_dir=/home/lcf/kernel-study/linux-baremetal/mprotect-cac1-folio-decomp-20260722/runs/20260722T185147Z_fastpath-b_6.16.0-rc5-mprotect-cac-v-ptefastpath0
