timestamp_utc=2026-07-21T09:55:04Z
expected_release=6.16.0-rc5-mprotect-cac-p-45199f715b74
running_release=6.16.0-rc5-mprotect-cac-p-45199f715b74
manifest_id_key=role
manifest_id_value=parent
manifest_commit=45199f715b7455a2e4054dbc5dab0c3b65e2abc1
preemption_contract=dynamic-preempt-boot-none
required_kernel_cmdline=preempt=none
kernel_cmdline=root=UUID=52424323-db73-425d-92e4-6c7426f3026d ro rootfstype=ext4 preempt=none crashkernel=2G-4G:320M,4G-32G:512M,32G-64G:1024M,64G-128G:2048M,128G-:4096M initrd=\EFI\kernel-study\initrd.img
boot_id=2c0e742f-ef0a-409f-a5f9-d3e2c4af9ff6
uptime_seconds=106.12
root_source=/dev/nvme0n1p2
root_fstype=ext4
root_options=rw,relatime
network_interface=enp5s0
network_ipv4=192.168.3.10/24
failed_units=0
efi_boot_current=0000
efi_boot_next=none
config_sha256=014403ccb760c71be103ba8c75854e48ef9dff3795f700e092017a0f1c9b58a4
vmlinuz_sha256=2ffb194eba7023a7eb0e334561a18ae3d91f944a266c0cc28ac8533ba0b8acda
initrd_sha256=1eb905c7ef140e1e553a78d50f0882f66e81a94b2028a8e66bf76ba50b659188
boot_smoke=pass
run_dir=/home/lcf/kernel-study/linux-baremetal/mprotect-cac1-exact-20260721/boot-smoke/20260721T095503Z_6.16.0-rc5-mprotect-cac-p-45199f715b74
