waiting 60s after boot
timestamp_utc=2026-07-22T18:47:52Z
expected_release=6.16.0-rc5-mprotect-cac-v-nofolio00000
running_release=6.16.0-rc5-mprotect-cac-v-nofolio00000
manifest_id_key=role
manifest_id_value=nofolio
manifest_commit=cac1db8c3aad97d6ffb56ced8868d6cbbbd2bfbe
preemption_contract=dynamic-preempt-boot-none
required_kernel_cmdline=preempt=none
kernel_cmdline=root=UUID=52424323-db73-425d-92e4-6c7426f3026d ro rootfstype=ext4 preempt=none crashkernel=2G-4G:320M,4G-32G:512M,32G-64G:1024M,64G-128G:2048M,128G-:4096M initrd=\EFI\kernel-study\initrd.img
boot_id=a4b57604-e87a-422b-8eaf-8fdee5020c05
uptime_seconds=81.98
root_source=/dev/nvme1n1p2
root_fstype=ext4
root_options=rw,relatime
network_interface=enp5s0
network_ipv4=192.168.3.10/24
failed_units=0
efi_boot_current=0000
efi_boot_next=none
config_sha256=f83e3b6e8368b29deac6bf0c65df86bac409a4ab96e17ca7b297869e703fe542
vmlinuz_sha256=88ed901735c3bee3af5c2c23b3d2f1279adadafbadc64bccf7ae509b53d191c8
initrd_sha256=180474c2b9de71619e81ac052de9c9c8f9217612d812b921c788d23fe9e94893
boot_smoke=pass
run_dir=/home/lcf/kernel-study/linux-baremetal/mprotect-cac1-folio-decomp-20260722/boot-smoke/20260722T184751Z_6.16.0-rc5-mprotect-cac-v-nofolio00000
efi_bootnext_pending=no
temporary_entries=0
staged_files=0
warmup=1/3
warmup=2/3
warmup=3/3
measured_round=1/15
measured_round=2/15
measured_round=3/15
measured_round=4/15
measured_round=5/15
measured_round=6/15
measured_round=7/15
measured_round=8/15
measured_round=9/15
measured_round=10/15
measured_round=11/15
measured_round=12/15
measured_round=13/15
measured_round=14/15
measured_round=15/15
role	point_label	kernel	n	mean_iteration_ns_per_page	sd	cv_pct	values	semantic_failures
nofolio	nofolio	6.16.0-rc5-mprotect-cac-v-nofolio00000	15	40.600000	0.632456	1.557772	40 40 42 41 40 41 40 41 41 41 40 41 40 41 40	0
run_dir=/home/lcf/kernel-study/linux-baremetal/mprotect-cac1-folio-decomp-20260722/runs/20260722T184651Z_nofolio_6.16.0-rc5-mprotect-cac-v-nofolio00000
