waiting 60s after boot
timestamp_utc=2026-07-22T23:07:32Z
expected_release=7.1.3-mprotect-hint-one-000000000000
running_release=7.1.3-mprotect-hint-one-000000000000
manifest_id_key=role
manifest_id_value=candidate
manifest_commit=199c9959d3a9b53f346c221757fc7ac507fbac50
preemption_contract=dynamic-preempt-boot-none
required_kernel_cmdline=preempt=none
kernel_cmdline=root=UUID=52424323-db73-425d-92e4-6c7426f3026d ro rootfstype=ext4 preempt=none crashkernel=2G-4G:320M,4G-32G:512M,32G-64G:1024M,64G-128G:2048M,128G-:4096M initrd=\EFI\kernel-study\initrd.img
boot_id=3a7f3312-a3f9-420c-b549-bcedab4e9603
uptime_seconds=82.70
root_source=/dev/nvme0n1p2
root_fstype=ext4
root_options=rw,relatime
network_interface=enp5s0
network_ipv4=192.168.3.10/24
failed_units=0
efi_boot_current=0000
efi_boot_next=none
config_sha256=9fb06209a21114cfe4220f6e2fd934fb3fd234212c6859e2cb39a0aa43322466
vmlinuz_sha256=9a756a590c4a9065506aac6f069a4ed97c6ca3eb0cbe846364353aacf5f50456
initrd_sha256=58d2c5576ad07d72aec383a798fe565b27c246015c1a43047cba4795d96f699c
boot_smoke=pass
run_dir=/home/lcf/kernel-study/linux-baremetal/mprotect-v713-shared-hint-20260722/boot-smoke/20260722T230732Z_7.1.3-mprotect-hint-one-000000000000
efi_bootnext_pending=no
temporary_entries=0
staged_files=0
warmup=1/3
warmup=2/3
warmup=3/3
measured_round=1/15
measured_round=2/15
measured_round=3/15
measured_round=4/15
measured_round=5/15
measured_round=6/15
measured_round=7/15
measured_round=8/15
measured_round=9/15
measured_round=10/15
measured_round=11/15
measured_round=12/15
measured_round=13/15
measured_round=14/15
measured_round=15/15
role	point_label	kernel	n	mean_iteration_ns_per_page	sd	cv_pct	values	semantic_failures
candidate	candidate	7.1.3-mprotect-hint-one-000000000000	15	47.133333	0.516398	1.095611	46 48 47 47 47 47 47 47 47 48 48 47 47 47 47	0
run_dir=/home/lcf/kernel-study/linux-baremetal/mprotect-v713-shared-hint-20260722/runs/20260722T230632Z_candidate_7.1.3-mprotect-hint-one-000000000000
