waiting 60s after boot
timestamp_utc=2026-07-22T23:30:49Z
expected_release=7.1.3-mprotect-pv3-full-89e613bc0b2d
running_release=7.1.3-mprotect-pv3-full-89e613bc0b2d
manifest_id_key=role
manifest_id_value=baseline
manifest_commit=89e613bc0b2d6d4a18a09b161131ce4ca5c70f2a
preemption_contract=dynamic-preempt-boot-none
required_kernel_cmdline=preempt=none
kernel_cmdline=root=UUID=52424323-db73-425d-92e4-6c7426f3026d ro rootfstype=ext4 preempt=none crashkernel=2G-4G:320M,4G-32G:512M,32G-64G:1024M,64G-128G:2048M,128G-:4096M initrd=\EFI\kernel-study\initrd.img
boot_id=642ebb94-d987-4776-abf5-9cdaf3d7d222
uptime_seconds=69.04
root_source=/dev/nvme1n1p2
root_fstype=ext4
root_options=rw,relatime
network_interface=enp5s0
network_ipv4=192.168.3.10/24
failed_units=0
efi_boot_current=0000
efi_boot_next=none
config_sha256=6ad2b167aeaf2ac8c3eb6ab3d07a1f1bf7b2ebf641259649397c70858cf3103a
vmlinuz_sha256=d25863013659ef200344106ce74845c371077c90533f905f173e1969ea92bd74
initrd_sha256=528e9f03efd639deab14d149216dbebd8faca56daa7acc68f0ee5bbce3519e20
boot_smoke=pass
run_dir=/home/lcf/kernel-study/linux-baremetal/mprotect-v713-shared-hint-20260722/large-folio-boot-smoke/20260722T233048Z_7.1.3-mprotect-pv3-full-89e613bc0b2d
efi_bootnext_pending=no
temporary_entries=0
staged_files=0
large_folio_warmup=1/2
large_folio_warmup=2/2
large_folio_measured=1/15
large_folio_measured=2/15
large_folio_measured=3/15
large_folio_measured=4/15
large_folio_measured=5/15
large_folio_measured=6/15
large_folio_measured=7/15
large_folio_measured=8/15
large_folio_measured=9/15
large_folio_measured=10/15
large_folio_measured=11/15
large_folio_measured=12/15
large_folio_measured=13/15
large_folio_measured=14/15
large_folio_measured=15/15
role	point_label	kernel	n	mean_mprotect_ns_per_page	mean_protect_ns_per_page	mean_restore_ns_per_page	mean_touch_ns_per_page	mean_iteration_ns_per_page	sd_mprotect	cv_mprotect_pct	values_mprotect	semantic_failures
baseline	large-baseline-b	7.1.3-mprotect-pv3-full-89e613bc0b2d	15	23.000000	12.000000	11.000000	11.200000	35.733333	0.000000	0.000000	23 23 23 23 23 23 23 23 23 23 23 23 23 23 23	0
run_dir=/home/lcf/kernel-study/linux-baremetal/mprotect-v713-shared-hint-20260722/large-folio-runs/20260722T232948Z_large-baseline-b_7.1.3-mprotect-pv3-full-89e613bc0b2d
