waiting 60s after boot
timestamp_utc=2026-07-22T09:30:31Z
expected_release=7.1.3-mprotect-pv3-full-89e613bc0b2d
running_release=7.1.3-mprotect-pv3-full-89e613bc0b2d
manifest_id_key=role
manifest_id_value=child
manifest_commit=89e613bc0b2d6d4a18a09b161131ce4ca5c70f2a
preemption_contract=dynamic-preempt-boot-none
required_kernel_cmdline=preempt=none
kernel_cmdline=root=UUID=52424323-db73-425d-92e4-6c7426f3026d ro rootfstype=ext4 preempt=none crashkernel=2G-4G:320M,4G-32G:512M,32G-64G:1024M,64G-128G:2048M,128G-:4096M initrd=\EFI\kernel-study\initrd.img
boot_id=ab54a7af-4c83-4507-a469-78dea1caab45
uptime_seconds=81.16
root_source=/dev/nvme0n1p2
root_fstype=ext4
root_options=rw,relatime
network_interface=enp5s0
network_ipv4=192.168.3.10/24
failed_units=0
efi_boot_current=0000
efi_boot_next=none
config_sha256=6ad2b167aeaf2ac8c3eb6ab3d07a1f1bf7b2ebf641259649397c70858cf3103a
vmlinuz_sha256=d25863013659ef200344106ce74845c371077c90533f905f173e1969ea92bd74
initrd_sha256=528e9f03efd639deab14d149216dbebd8faca56daa7acc68f0ee5bbce3519e20
boot_smoke=pass
run_dir=/home/lcf/kernel-study/linux-baremetal/mprotect-pedro-v3-exact-20260722/boot-smoke/20260722T093030Z_7.1.3-mprotect-pv3-full-89e613bc0b2d
efi_bootnext_pending=no
temporary_entries=0
staged_files=0
warmup=1/3
warmup=2/3
warmup=3/3
measured_round=1/15
measured_round=2/15
measured_round=3/15
measured_round=4/15
measured_round=5/15
measured_round=6/15
measured_round=7/15
measured_round=8/15
measured_round=9/15
measured_round=10/15
measured_round=11/15
measured_round=12/15
measured_round=13/15
measured_round=14/15
measured_round=15/15
role	point_label	kernel	n	mean_iteration_ns_per_page	sd	cv_pct	values	semantic_failures
child	child	7.1.3-mprotect-pv3-full-89e613bc0b2d	15	58.200000	0.560612	0.963251	57 58 58 59 58 58 58 58 58 59 59 58 58 59 58	0
run_dir=/home/lcf/kernel-study/linux-baremetal/mprotect-pedro-v3-exact-20260722/runs/20260722T092930Z_child_7.1.3-mprotect-pv3-full-89e613bc0b2d
