waiting 60s after boot
timestamp_utc=2026-07-22T23:28:50Z
expected_release=7.1.3-mprotect-hint-one-000000000000
running_release=7.1.3-mprotect-hint-one-000000000000
manifest_id_key=role
manifest_id_value=candidate
manifest_commit=199c9959d3a9b53f346c221757fc7ac507fbac50
preemption_contract=dynamic-preempt-boot-none
required_kernel_cmdline=preempt=none
kernel_cmdline=root=UUID=52424323-db73-425d-92e4-6c7426f3026d ro rootfstype=ext4 preempt=none crashkernel=2G-4G:320M,4G-32G:512M,32G-64G:1024M,64G-128G:2048M,128G-:4096M initrd=\EFI\kernel-study\initrd.img
boot_id=1c274d14-b68e-4f0b-905b-06a4a5afd580
uptime_seconds=68.51
root_source=/dev/nvme0n1p2
root_fstype=ext4
root_options=rw,relatime
network_interface=enp5s0
network_ipv4=192.168.3.10/24
failed_units=0
efi_boot_current=0000
efi_boot_next=none
config_sha256=9fb06209a21114cfe4220f6e2fd934fb3fd234212c6859e2cb39a0aa43322466
vmlinuz_sha256=9a756a590c4a9065506aac6f069a4ed97c6ca3eb0cbe846364353aacf5f50456
initrd_sha256=58d2c5576ad07d72aec383a798fe565b27c246015c1a43047cba4795d96f699c
boot_smoke=pass
run_dir=/home/lcf/kernel-study/linux-baremetal/mprotect-v713-shared-hint-20260722/large-folio-boot-smoke/20260722T232850Z_7.1.3-mprotect-hint-one-000000000000
efi_bootnext_pending=no
temporary_entries=0
staged_files=0
large_folio_warmup=1/2
large_folio_warmup=2/2
large_folio_measured=1/15
large_folio_measured=2/15
large_folio_measured=3/15
large_folio_measured=4/15
large_folio_measured=5/15
large_folio_measured=6/15
large_folio_measured=7/15
large_folio_measured=8/15
large_folio_measured=9/15
large_folio_measured=10/15
large_folio_measured=11/15
large_folio_measured=12/15
large_folio_measured=13/15
large_folio_measured=14/15
large_folio_measured=15/15
role	point_label	kernel	n	mean_mprotect_ns_per_page	mean_protect_ns_per_page	mean_restore_ns_per_page	mean_touch_ns_per_page	mean_iteration_ns_per_page	sd_mprotect	cv_mprotect_pct	values_mprotect	semantic_failures
candidate	large-candidate	7.1.3-mprotect-hint-one-000000000000	15	38.133333	19.133333	19.000000	11.466667	50.600000	0.351866	0.922725	38 39 38 38 39 38 38 38 38 38 38 38 38 38 38	0
run_dir=/home/lcf/kernel-study/linux-baremetal/mprotect-v713-shared-hint-20260722/large-folio-runs/20260722T232750Z_large-candidate_7.1.3-mprotect-hint-one-000000000000
