waiting 60s after boot
timestamp_utc=2026-07-22T18:57:39Z
expected_release=6.16.0-rc5-mprotect-cac-p-45199f715b74
running_release=6.16.0-rc5-mprotect-cac-p-45199f715b74
manifest_id_key=role
manifest_id_value=parent
manifest_commit=45199f715b7455a2e4054dbc5dab0c3b65e2abc1
preemption_contract=dynamic-preempt-boot-none
required_kernel_cmdline=preempt=none
kernel_cmdline=root=UUID=52424323-db73-425d-92e4-6c7426f3026d ro rootfstype=ext4 preempt=none crashkernel=2G-4G:320M,4G-32G:512M,32G-64G:1024M,64G-128G:2048M,128G-:4096M initrd=\EFI\kernel-study\initrd.img
boot_id=e4508428-3b5e-4508-aabd-c350546c0909
uptime_seconds=71.71
root_source=/dev/nvme0n1p2
root_fstype=ext4
root_options=rw,relatime
network_interface=enp5s0
network_ipv4=192.168.3.10/24
failed_units=0
efi_boot_current=0000
efi_boot_next=none
config_sha256=014403ccb760c71be103ba8c75854e48ef9dff3795f700e092017a0f1c9b58a4
vmlinuz_sha256=2ffb194eba7023a7eb0e334561a18ae3d91f944a266c0cc28ac8533ba0b8acda
initrd_sha256=1eb905c7ef140e1e553a78d50f0882f66e81a94b2028a8e66bf76ba50b659188
boot_smoke=pass
run_dir=/home/lcf/kernel-study/linux-baremetal/mprotect-cac1-folio-decomp-20260722/boot-smoke/20260722T185739Z_6.16.0-rc5-mprotect-cac-p-45199f715b74
efi_bootnext_pending=no
temporary_entries=0
staged_files=0
warmup=1/3
warmup=2/3
warmup=3/3
measured_round=1/15
measured_round=2/15
measured_round=3/15
measured_round=4/15
measured_round=5/15
measured_round=6/15
measured_round=7/15
measured_round=8/15
measured_round=9/15
measured_round=10/15
measured_round=11/15
measured_round=12/15
measured_round=13/15
measured_round=14/15
measured_round=15/15
role	point_label	kernel	n	mean_iteration_ns_per_page	sd	cv_pct	values	semantic_failures
parent	parent-b	6.16.0-rc5-mprotect-cac-p-45199f715b74	15	38.866667	0.516398	1.328639	37 39 39 39 39 39 39 39 39 39 39 39 39 39 39	0
run_dir=/home/lcf/kernel-study/linux-baremetal/mprotect-cac1-folio-decomp-20260722/runs/20260722T185639Z_parent-b_6.16.0-rc5-mprotect-cac-p-45199f715b74
