waiting 60s after boot
timestamp_utc=2026-07-22T09:27:01Z
expected_release=7.1.3-mprotect-pv3-base-19999e479c2a
running_release=7.1.3-mprotect-pv3-base-19999e479c2a
manifest_id_key=role
manifest_id_value=parent
manifest_commit=19999e479c2a38672789e66b4830f43c645ca1f2
preemption_contract=dynamic-preempt-boot-none
required_kernel_cmdline=preempt=none
kernel_cmdline=root=UUID=52424323-db73-425d-92e4-6c7426f3026d ro rootfstype=ext4 preempt=none crashkernel=2G-4G:320M,4G-32G:512M,32G-64G:1024M,64G-128G:2048M,128G-:4096M initrd=\EFI\kernel-study\initrd.img
boot_id=6ee21436-2071-4e8e-b320-7d23640e685d
uptime_seconds=155.90
root_source=/dev/nvme0n1p2
root_fstype=ext4
root_options=rw,relatime
network_interface=enp5s0
network_ipv4=192.168.3.10/24
failed_units=0
efi_boot_current=0000
efi_boot_next=none
config_sha256=83c9b830952dc85ec348429e9da6c345b5bd2b9c65ae787a660f19be65d41b96
vmlinuz_sha256=73bb50733b5feb507c7c1e55ae8212ea1f8f4ca025fb3f9dad9e64d3cc4eff4a
initrd_sha256=2a2636b163e873457e57f8dc70b5a9fdee3da781426a337e1edf63e16ee2072b
boot_smoke=pass
run_dir=/home/lcf/kernel-study/linux-baremetal/mprotect-pedro-v3-exact-20260722/boot-smoke/20260722T092701Z_7.1.3-mprotect-pv3-base-19999e479c2a
efi_bootnext_pending=no
temporary_entries=0
staged_files=0
warmup=1/3
warmup=2/3
warmup=3/3
measured_round=1/15
measured_round=2/15
measured_round=3/15
measured_round=4/15
measured_round=5/15
measured_round=6/15
measured_round=7/15
measured_round=8/15
measured_round=9/15
measured_round=10/15
measured_round=11/15
measured_round=12/15
measured_round=13/15
measured_round=14/15
measured_round=15/15
role	point_label	kernel	n	mean_iteration_ns_per_page	sd	cv_pct	values	semantic_failures
parent	parent-a	7.1.3-mprotect-pv3-base-19999e479c2a	15	55.333333	0.617213	1.115446	54 55 55 55 56 56 55 56 55 55 56 55 56 55 56	0
run_dir=/home/lcf/kernel-study/linux-baremetal/mprotect-pedro-v3-exact-20260722/runs/20260722T092601Z_parent-a_7.1.3-mprotect-pv3-base-19999e479c2a
